INFO    : Staging deployment according to strategy default_target
INFO    : Since no target was supplied, we will use "web".

INFO    : Staging latest build located in `/Users/zengrf/Documents/GitHub/pretext-invariant-ring-tutorial/macaulay2-invariantring-tutorial/output/web` at `/Users/zengrf/Documents/GitHub/pretext-invariant-ring-tutorial/macaulay2-invariantring-tutorial/output/stage`.
INFO    : 
INFO    : Preparing to deploy from active `gh-pages` git branch.

INFO    : Changes to project source since last commit detected.
WARNING : Don't forget to either add and commit the changes to your source with git, or run `pretext deploy -u` to have these changes updated automatically.
WARNING : Just deploying your built project will not save changes to your source on GitHub.`
INFO    : Committing your latest build to the `gh-pages` branch.
INFO    : 
INFO    : Attempting to connect to remote repository at `https://github.com/zengrf/macaulay2-invariantring-tutorial.git`...
INFO    : 
INFO    : 
INFO    : Latest build successfully pushed to GitHub!

INFO    : 
INFO    : To enable GitHub Pages, visit
INFO    :     https://github.com/zengrf/macaulay2-invariantring-tutorial/settings/pages
INFO    : selecting the `gh-pages` branch with the `/ (root)` folder.

INFO    : Visit
INFO    :     https://github.com/zengrf/macaulay2-invariantring-tutorial/actions/
INFO    : to check on the status of your GitHub Pages deployment.

INFO    : Your built project will soon be available to the public at:
INFO    :     https://zengrf.github.io/macaulay2-invariantring-tutorial/
INFO    : 
