INFO    : Building target web
INFO    : XSL conversion of /Users/zengrf/Downloads/pretext-invariant-ring-tutorial/source/main.ptx by /Users/zengrf/.ptx/2.17.1/core/xsl/utilities/pretext-enhanced-source.xsl
INFO    : successful application of /Users/zengrf/.ptx/2.17.1/core/xsl/utilities/pretext-enhanced-source.xsl
INFO    : Generating any needed assets.
INFO    : XSL conversion of /Users/zengrf/Downloads/pretext-invariant-ring-tutorial/source/main.ptx by /Users/zengrf/.ptx/2.17.1/core/xsl/utilities/pretext-enhanced-source.xsl
INFO    : successful application of /Users/zengrf/.ptx/2.17.1/core/xsl/utilities/pretext-enhanced-source.xsl
INFO    : XSL conversion of /Users/zengrf/Downloads/pretext-invariant-ring-tutorial/source/main.ptx by /Users/zengrf/.ptx/2.17.1/core/xsl/utilities/pretext-enhanced-source.xsl
INFO    : successful application of /Users/zengrf/.ptx/2.17.1/core/xsl/utilities/pretext-enhanced-source.xsl
INFO    : XSL conversion of /Users/zengrf/Downloads/pretext-invariant-ring-tutorial/source/main.ptx by /Users/zengrf/.ptx/2.17.1/core/xsl/utilities/pretext-enhanced-source.xsl
INFO    : successful application of /Users/zengrf/.ptx/2.17.1/core/xsl/utilities/pretext-enhanced-source.xsl
INFO    : XSL conversion of /Users/zengrf/Downloads/pretext-invariant-ring-tutorial/source/main.ptx by /Users/zengrf/.ptx/2.17.1/core/xsl/utilities/pretext-enhanced-source.xsl
INFO    : successful application of /Users/zengrf/.ptx/2.17.1/core/xsl/utilities/pretext-enhanced-source.xsl
INFO    : XSL conversion of /Users/zengrf/Downloads/pretext-invariant-ring-tutorial/source/main.ptx by /Users/zengrf/.ptx/2.17.1/core/xsl/utilities/pretext-enhanced-source.xsl
INFO    : successful application of /Users/zengrf/.ptx/2.17.1/core/xsl/utilities/pretext-enhanced-source.xsl
INFO    : XSL conversion of /Users/zengrf/Downloads/pretext-invariant-ring-tutorial/source/main.ptx by /Users/zengrf/.ptx/2.17.1/core/xsl/utilities/pretext-enhanced-source.xsl
INFO    : successful application of /Users/zengrf/.ptx/2.17.1/core/xsl/utilities/pretext-enhanced-source.xsl
INFO    : XSL conversion of /Users/zengrf/Downloads/pretext-invariant-ring-tutorial/source/main.ptx by /Users/zengrf/.ptx/2.17.1/core/xsl/utilities/pretext-enhanced-source.xsl
INFO    : successful application of /Users/zengrf/.ptx/2.17.1/core/xsl/utilities/pretext-enhanced-source.xsl
INFO    : XSL conversion of /Users/zengrf/Downloads/pretext-invariant-ring-tutorial/source/main.ptx by /Users/zengrf/.ptx/2.17.1/core/xsl/utilities/pretext-enhanced-source.xsl
INFO    : successful application of /Users/zengrf/.ptx/2.17.1/core/xsl/utilities/pretext-enhanced-source.xsl
INFO    : XSL conversion of /Users/zengrf/Downloads/pretext-invariant-ring-tutorial/source/main.ptx by /Users/zengrf/.ptx/2.17.1/core/xsl/utilities/pretext-enhanced-source.xsl
INFO    : successful application of /Users/zengrf/.ptx/2.17.1/core/xsl/utilities/pretext-enhanced-source.xsl
INFO    : XSL conversion of /Users/zengrf/Downloads/pretext-invariant-ring-tutorial/source/main.ptx by /Users/zengrf/.ptx/2.17.1/core/xsl/utilities/pretext-enhanced-source.xsl
INFO    : successful application of /Users/zengrf/.ptx/2.17.1/core/xsl/utilities/pretext-enhanced-source.xsl
INFO    : XSL conversion of /Users/zengrf/Downloads/pretext-invariant-ring-tutorial/source/main.ptx by /Users/zengrf/.ptx/2.17.1/core/xsl/utilities/pretext-enhanced-source.xsl
INFO    : successful application of /Users/zengrf/.ptx/2.17.1/core/xsl/utilities/pretext-enhanced-source.xsl
INFO    : XSL conversion of /Users/zengrf/Downloads/pretext-invariant-ring-tutorial/source/main.ptx by /Users/zengrf/.ptx/2.17.1/core/xsl/utilities/pretext-enhanced-source.xsl
INFO    : successful application of /Users/zengrf/.ptx/2.17.1/core/xsl/utilities/pretext-enhanced-source.xsl
INFO    : XSL conversion of /Users/zengrf/Downloads/pretext-invariant-ring-tutorial/source/main.ptx by /Users/zengrf/.ptx/2.17.1/core/xsl/utilities/pretext-enhanced-source.xsl
INFO    : successful application of /Users/zengrf/.ptx/2.17.1/core/xsl/utilities/pretext-enhanced-source.xsl
INFO    : XSL conversion of /Users/zengrf/Downloads/pretext-invariant-ring-tutorial/source/main.ptx by /Users/zengrf/.ptx/2.17.1/core/xsl/utilities/pretext-enhanced-source.xsl
INFO    : successful application of /Users/zengrf/.ptx/2.17.1/core/xsl/utilities/pretext-enhanced-source.xsl
INFO    : Finished generating assets.

INFO    : Preparing to build into /Users/zengrf/Downloads/pretext-invariant-ring-tutorial/output/web.
INFO    : discovering source file's directory name: /Users/zengrf/Downloads/pretext-invariant-ring-tutorial/source
INFO    : verifying and expanding input directory: /Users/zengrf/Downloads/pretext-invariant-ring-tutorial/source/../generated-assets
INFO    : input directory expanded to absolute path: /Users/zengrf/Downloads/pretext-invariant-ring-tutorial/generated-assets
INFO    : verifying and expanding input directory: /Users/zengrf/Downloads/pretext-invariant-ring-tutorial/source/../assets
INFO    : input directory expanded to absolute path: /Users/zengrf/Downloads/pretext-invariant-ring-tutorial/assets
INFO    : XSL conversion of /Users/zengrf/Downloads/pretext-invariant-ring-tutorial/source/main.ptx by /Users/zengrf/.ptx/2.17.1/core/xsl/utilities/report-publisher-variables.xsl
INFO    : successful application of /Users/zengrf/.ptx/2.17.1/core/xsl/utilities/report-publisher-variables.xsl
INFO    : Downloading rs services file from https://runestone.academy/cdn/runestone/latest/webpack_static_imports.xml.
INFO    : Runestone Services via online CDN query: version 7.6.3
INFO    : Downloading Runestone Services, version 7.6.3
INFO    : Extracting Runestone Services from archive file
INFO    : Building custom css theme: theme-default-modern
INFO    : converting /Users/zengrf/Downloads/pretext-invariant-ring-tutorial/source/main.ptx to HTML in /var/folders/v5/ryfdj35x52s_n93xnk164f2m0000gn/T/ptx-ym0vvirf
INFO    : XSL conversion of /Users/zengrf/Downloads/pretext-invariant-ring-tutorial/source/main.ptx by /Users/zengrf/.ptx/2.17.1/core/xsl/pretext-html.xsl
INFO    : messages from the log for XSL processing:
INFO    : * PTX:INFO:   checking ONLY the last TWO YEARS of element deprecations.
Rerun with the string parameter "author.deprecations.all" set to "yes" to check your source against all deprecations.
WARNING : * PTX:WARNING: In a section containing subsections, any content that is not inside a subsection needs to be inside an <introduction> and/or  <conclusion>.
INFO    : *              located within: "section-3" (xml:id), "Introduction to Invariant Theory" (title)
INFO    : successful application of /Users/zengrf/.ptx/2.17.1/core/xsl/pretext-html.xsl
INFO    : Removing temporary directory /var/folders/v5/ryfdj35x52s_n93xnk164f2m0000gn/T/ptx-ym0vvirf
INFO    : Removing temporary directory /var/folders/v5/ryfdj35x52s_n93xnk164f2m0000gn/T/ptx-5sh1gxg3
INFO    : 
Success! Run `pretext view web` to see the results.

INFO    : 
